<?xml version="1.0" encoding="UTF-8"?>
<!-- Generated by org.testng.reporters.JUnitReportReporter -->
<testsuite hostname="TGU1DELL0096" failures="0" tests="1" name="TestCases.TS_Amazon" time="11.342" errors="0" timestamp="2021-09-03T10:01:12 IST" skipped="0">
  <testcase classname="TestCases.TS_Amazon" name="testcase2" time="11.342"/>
  <system-out/>
</testsuite> <!-- TestCases.TS_Amazon -->
