<?xml version="1.0" encoding="UTF-8"?>
<!-- Generated by org.testng.reporters.JUnitReportReporter -->
<testsuite hostname="TGU1DELL0096" failures="0" tests="1" name="TestCases.TestCase1Test" time="0.293" errors="0" timestamp="2021-08-30T17:26:01 IST" skipped="0">
  <testcase classname="TestCases.TestCase1Test" name="TC_1" time="0.293"/>
  <system-out/>
</testsuite> <!-- TestCases.TestCase1Test -->
