<?xml version="1.0" encoding="UTF-8"?>
<!-- Generated by org.testng.reporters.JUnitReportReporter -->
<testsuite hostname="TGU1DELL0096" failures="0" tests="1" name="TestCases.TestCase9Test" time="23.347" errors="0" timestamp="2021-08-26T06:23:54 IST" skipped="0">
  <testcase classname="TestCases.TestCase9Test" name="TC9Test" time="23.347"/>
  <system-out/>
</testsuite> <!-- TestCases.TestCase9Test -->
