<?xml version="1.0" encoding="UTF-8"?>
<!-- Generated by org.testng.reporters.JUnitReportReporter -->
<testsuite hostname="TGU1DELL0096" failures="0" tests="2" name="test.MyTestNG" time="0.003" errors="0" timestamp="2021-08-25T07:37:56 IST" skipped="0">
  <testcase classname="test.MyTestNG" name="Test1" time="0.003"/>
  <system-out/>
  <testcase classname="test.MyTestNG" name="Test2" time="0.000"/>
  <system-out/>
</testsuite> <!-- test.MyTestNG -->
