<?xml version="1.0" encoding="UTF-8"?>
<!-- Generated by org.testng.reporters.JUnitReportReporter -->
<testsuite hostname="TGU1DELL0096" failures="0" tests="1" name="TestCases.TS_Herokuapp_EntryAd" time="48.859" errors="0" timestamp="2021-09-02T08:30:09 IST" skipped="0">
  <testcase classname="TestCases.TS_Herokuapp_EntryAd" name="testCase8" time="48.859"/>
  <system-out/>
</testsuite> <!-- TestCases.TS_Herokuapp_EntryAd -->
