<?xml version="1.0" encoding="UTF-8"?>
<!-- Generated by org.testng.reporters.JUnitReportReporter -->
<testsuite hostname="TGU1DELL0096" failures="0" tests="1" name="TestCases.TestCase8Test" time="56.610" errors="0" timestamp="2021-08-26T06:06:05 IST" skipped="0">
  <testcase classname="TestCases.TestCase8Test" name="TC8Test" time="56.610"/>
  <system-out/>
</testsuite> <!-- TestCases.TestCase8Test -->
