<?xml version="1.0" encoding="UTF-8"?>
<!-- Generated by org.testng.reporters.JUnitReportReporter -->
<testsuite hostname="TGU1DELL0096" failures="0" tests="1" name="TestCases.TS_Herokuapp_JSAlerts" time="0.929" errors="0" timestamp="2021-09-02T08:30:09 IST" skipped="0">
  <testcase classname="TestCases.TS_Herokuapp_JSAlerts" name="testcase6" time="0.929"/>
  <system-out/>
</testsuite> <!-- TestCases.TS_Herokuapp_JSAlerts -->
