<?xml version="1.0" encoding="UTF-8"?>
<!-- Generated by org.testng.reporters.JUnitReportReporter -->
<testsuite hostname="TGU1DELL0096" failures="0" tests="1" name="TestCases.TestCase2Test" time="10.834" errors="0" timestamp="2021-08-26T05:48:34 IST" skipped="0">
  <testcase classname="TestCases.TestCase2Test" name="TC2Test" time="10.834"/>
  <system-out/>
</testsuite> <!-- TestCases.TestCase2Test -->
