<?xml version="1.0" encoding="UTF-8"?>
<!-- Generated by org.testng.reporters.JUnitReportReporter -->
<testsuite hostname="TGU1DELL0096" failures="0" tests="3" name="TestCases.TS_Herokuapp_FileUplaodDownlaodAndFrames" time="23.365" errors="0" timestamp="2021-09-02T08:30:09 IST" skipped="0">
  <testcase classname="TestCases.TS_Herokuapp_FileUplaodDownlaodAndFrames" name="testCase9" time="7.394"/>
  <system-out/>
  <testcase classname="TestCases.TS_Herokuapp_FileUplaodDownlaodAndFrames" name="herokuappNestedFrames" time="3.651"/>
  <system-out/>
  <testcase classname="TestCases.TS_Herokuapp_FileUplaodDownlaodAndFrames" name="iframes" time="12.320"/>
  <system-out/>
</testsuite> <!-- TestCases.TS_Herokuapp_FileUplaodDownlaodAndFrames -->
